<?xml version="1.0" encoding="UTF-8"?>
<!-- Generated by org.testng.reporters.JUnitXMLReporter -->
<testsuite ignored="0" hostname="DESKTOP-DIQN68A" failures="1" tests="3" name="Error Validation test" time="32.307" errors="0" timestamp="2024-12-11T02:29:40 IST">
  <testcase classname="MaheshChavan.test.ErrorValidationsTest" name="LoginErrorValidation" time="0.933">
    <skipped/>
  </testcase> <!-- LoginErrorValidation -->
  <testcase classname="MaheshChavan.test.ErrorValidationsTest" name="LoginErrorValidation" time="0.767">
    <failure type="java.lang.AssertionError" message="expected [Incorrect email or password.] but found [Incorrect email  password.]">
      <![CDATA[java.lang.AssertionError: expected [Incorrect email or password.] but found [Incorrect email  password.]
at MaheshChavan.test.ErrorValidationsTest.LoginErrorValidation(ErrorValidationsTest.java:28)
at java.base/java.util.ArrayList.forEach(ArrayList.java:1511)
at java.base/java.util.concurrent.FutureTask.run(FutureTask.java:264)
at java.base/java.util.concurrent.ThreadPoolExecutor.runWorker(ThreadPoolExecutor.java:1136)
at java.base/java.util.concurrent.ThreadPoolExecutor$Worker.run(ThreadPoolExecutor.java:635)
at java.base/java.lang.Thread.run(Thread.java:840)
... Removed 23 stack frames]]>
    </failure>
  </testcase> <!-- LoginErrorValidation -->
  <testcase classname="MaheshChavan.test.ErrorValidationsTest" name="ProductErrorValidation" time="7.649"/>
</testsuite> <!-- Error Validation test -->
