<?xml version="1.0" encoding="UTF-8"?>
<testng-results retried="1" ignored="1" total="7" passed="4" failed="1" skipped="0">
  <reporter-output>
  </reporter-output>
  <suite started-at="2024-12-11T02:29:07 IST" name="Suite" finished-at="2024-12-11T02:29:42 IST" duration-ms="34982">
    <groups>
      <group name="ErrorHandling">
        <method signature="ErrorValidationsTest.LoginErrorValidation()[pri:0, instance:MaheshChavan.test.ErrorValidationsTest@222eb8aa]" name="LoginErrorValidation" class="MaheshChavan.test.ErrorValidationsTest"/>
      </group> <!-- ErrorHandling -->
      <group name="Purchase">
        <method signature="SubmitOrderTest.submitorder(java.util.HashMap)[pri:0, instance:MaheshChavan.test.SubmitOrderTest@6f3c660a]" name="submitorder" class="MaheshChavan.test.SubmitOrderTest"/>
      </group> <!-- Purchase -->
    </groups>
    <test started-at="2024-12-11T02:29:07 IST" name="Error Validation test" finished-at="2024-12-11T02:29:39 IST" duration-ms="32307">
      <class name="MaheshChavan.test.ErrorValidationsTest">
        <test-method is-config="true" signature="launchApplication()[pri:0, instance:MaheshChavan.test.ErrorValidationsTest@222eb8aa]" started-at="2024-12-11T02:29:07 IST" name="launchApplication" finished-at="2024-12-11T02:29:17 IST" duration-ms="10207" status="PASS">
          <reporter-output>
          </reporter-output>
        </test-method> <!-- launchApplication -->
        <test-method retried="true" signature="LoginErrorValidation()[pri:0, instance:MaheshChavan.test.ErrorValidationsTest@222eb8aa]" started-at="2024-12-11T02:29:17 IST" name="LoginErrorValidation" finished-at="2024-12-11T02:29:18 IST" duration-ms="933" status="SKIP">
          <exception class="java.lang.AssertionError">
            <message>
              <![CDATA[expected [Incorrect email or password.] but found [Incorrect email  password.]]]>
            </message>
            <full-stacktrace>
              <![CDATA[java.lang.AssertionError: expected [Incorrect email or password.] but found [Incorrect email  password.]
at org.testng.Assert.fail(Assert.java:111)
at org.testng.Assert.failNotEquals(Assert.java:1578)
at org.testng.Assert.assertEqualsImpl(Assert.java:150)
at org.testng.Assert.assertEquals(Assert.java:132)
at org.testng.Assert.assertEquals(Assert.java:656)
at org.testng.Assert.assertEquals(Assert.java:666)
at MaheshChavan.test.ErrorValidationsTest.LoginErrorValidation(ErrorValidationsTest.java:28)
at java.base/jdk.internal.reflect.NativeMethodAccessorImpl.invoke0(Native Method)
at java.base/jdk.internal.reflect.NativeMethodAccessorImpl.invoke(NativeMethodAccessorImpl.java:77)
at java.base/jdk.internal.reflect.DelegatingMethodAccessorImpl.invoke(DelegatingMethodAccessorImpl.java:43)
at java.base/java.lang.reflect.Method.invoke(Method.java:568)
at org.testng.internal.invokers.MethodInvocationHelper.invokeMethod(MethodInvocationHelper.java:141)
at org.testng.internal.invokers.TestInvoker.invokeMethod(TestInvoker.java:686)
at org.testng.internal.invokers.TestInvoker.invokeTestMethod(TestInvoker.java:230)
at org.testng.internal.invokers.MethodRunner.runInSequence(MethodRunner.java:63)
at org.testng.internal.invokers.TestInvoker$MethodInvocationAgent.invoke(TestInvoker.java:992)
at org.testng.internal.invokers.TestInvoker.invokeTestMethods(TestInvoker.java:203)
at org.testng.internal.invokers.TestMethodWorker.invokeTestMethods(TestMethodWorker.java:154)
at org.testng.internal.invokers.TestMethodWorker.run(TestMethodWorker.java:134)
at java.base/java.util.ArrayList.forEach(ArrayList.java:1511)
at org.testng.TestRunner.privateRun(TestRunner.java:739)
at org.testng.TestRunner.run(TestRunner.java:614)
at org.testng.SuiteRunner.runTest(SuiteRunner.java:421)
at org.testng.SuiteRunner$SuiteWorker.run(SuiteRunner.java:463)
at org.testng.internal.thread.ThreadUtil.lambda$execute$0(ThreadUtil.java:64)
at java.base/java.util.concurrent.FutureTask.run(FutureTask.java:264)
at java.base/java.util.concurrent.ThreadPoolExecutor.runWorker(ThreadPoolExecutor.java:1136)
at java.base/java.util.concurrent.ThreadPoolExecutor$Worker.run(ThreadPoolExecutor.java:635)
at java.base/java.lang.Thread.run(Thread.java:840)
]]>
            </full-stacktrace>
          </exception> <!-- java.lang.AssertionError -->
          <reporter-output>
          </reporter-output>
        </test-method> <!-- LoginErrorValidation -->
        <test-method is-config="true" signature="tearDown()[pri:0, instance:MaheshChavan.test.ErrorValidationsTest@222eb8aa]" started-at="2024-12-11T02:29:18 IST" name="tearDown" finished-at="2024-12-11T02:29:19 IST" duration-ms="755" status="PASS">
          <reporter-output>
          </reporter-output>
        </test-method> <!-- tearDown -->
        <test-method is-config="true" signature="launchApplication()[pri:0, instance:MaheshChavan.test.ErrorValidationsTest@222eb8aa]" started-at="2024-12-11T02:29:19 IST" name="launchApplication" finished-at="2024-12-11T02:29:27 IST" duration-ms="7654" status="PASS">
          <reporter-output>
          </reporter-output>
        </test-method> <!-- launchApplication -->
        <test-method signature="LoginErrorValidation()[pri:0, instance:MaheshChavan.test.ErrorValidationsTest@222eb8aa]" started-at="2024-12-11T02:29:27 IST" name="LoginErrorValidation" finished-at="2024-12-11T02:29:27 IST" duration-ms="767" status="FAIL">
          <exception class="java.lang.AssertionError">
            <message>
              <![CDATA[expected [Incorrect email or password.] but found [Incorrect email  password.]]]>
            </message>
            <full-stacktrace>
              <![CDATA[java.lang.AssertionError: expected [Incorrect email or password.] but found [Incorrect email  password.]
at org.testng.Assert.fail(Assert.java:111)
at org.testng.Assert.failNotEquals(Assert.java:1578)
at org.testng.Assert.assertEqualsImpl(Assert.java:150)
at org.testng.Assert.assertEquals(Assert.java:132)
at org.testng.Assert.assertEquals(Assert.java:656)
at org.testng.Assert.assertEquals(Assert.java:666)
at MaheshChavan.test.ErrorValidationsTest.LoginErrorValidation(ErrorValidationsTest.java:28)
at java.base/jdk.internal.reflect.NativeMethodAccessorImpl.invoke0(Native Method)
at java.base/jdk.internal.reflect.NativeMethodAccessorImpl.invoke(NativeMethodAccessorImpl.java:77)
at java.base/jdk.internal.reflect.DelegatingMethodAccessorImpl.invoke(DelegatingMethodAccessorImpl.java:43)
at java.base/java.lang.reflect.Method.invoke(Method.java:568)
at org.testng.internal.invokers.MethodInvocationHelper.invokeMethod(MethodInvocationHelper.java:141)
at org.testng.internal.invokers.TestInvoker.invokeMethod(TestInvoker.java:686)
at org.testng.internal.invokers.TestInvoker.retryFailed(TestInvoker.java:269)
at org.testng.internal.invokers.MethodRunner.runInSequence(MethodRunner.java:76)
at org.testng.internal.invokers.TestInvoker$MethodInvocationAgent.invoke(TestInvoker.java:992)
at org.testng.internal.invokers.TestInvoker.invokeTestMethods(TestInvoker.java:203)
at org.testng.internal.invokers.TestMethodWorker.invokeTestMethods(TestMethodWorker.java:154)
at org.testng.internal.invokers.TestMethodWorker.run(TestMethodWorker.java:134)
at java.base/java.util.ArrayList.forEach(ArrayList.java:1511)
at org.testng.TestRunner.privateRun(TestRunner.java:739)
at org.testng.TestRunner.run(TestRunner.java:614)
at org.testng.SuiteRunner.runTest(SuiteRunner.java:421)
at org.testng.SuiteRunner$SuiteWorker.run(SuiteRunner.java:463)
at org.testng.internal.thread.ThreadUtil.lambda$execute$0(ThreadUtil.java:64)
at java.base/java.util.concurrent.FutureTask.run(FutureTask.java:264)
at java.base/java.util.concurrent.ThreadPoolExecutor.runWorker(ThreadPoolExecutor.java:1136)
at java.base/java.util.concurrent.ThreadPoolExecutor$Worker.run(ThreadPoolExecutor.java:635)
at java.base/java.lang.Thread.run(Thread.java:840)
]]>
            </full-stacktrace>
          </exception> <!-- java.lang.AssertionError -->
          <reporter-output>
          </reporter-output>
        </test-method> <!-- LoginErrorValidation -->
        <test-method is-config="true" signature="tearDown()[pri:0, instance:MaheshChavan.test.ErrorValidationsTest@222eb8aa]" started-at="2024-12-11T02:29:28 IST" name="tearDown" finished-at="2024-12-11T02:29:28 IST" duration-ms="188" status="PASS">
          <reporter-output>
          </reporter-output>
        </test-method> <!-- tearDown -->
        <test-method is-config="true" signature="launchApplication()[pri:0, instance:MaheshChavan.test.ErrorValidationsTest@222eb8aa]" started-at="2024-12-11T02:29:28 IST" name="launchApplication" finished-at="2024-12-11T02:29:31 IST" duration-ms="3391" status="PASS">
          <reporter-output>
          </reporter-output>
        </test-method> <!-- launchApplication -->
        <test-method signature="ProductErrorValidation()[pri:0, instance:MaheshChavan.test.ErrorValidationsTest@222eb8aa]" started-at="2024-12-11T02:29:31 IST" name="ProductErrorValidation" finished-at="2024-12-11T02:29:39 IST" duration-ms="7649" status="PASS">
          <reporter-output>
          </reporter-output>
        </test-method> <!-- ProductErrorValidation -->
        <test-method is-config="true" signature="tearDown()[pri:0, instance:MaheshChavan.test.ErrorValidationsTest@222eb8aa]" started-at="2024-12-11T02:29:39 IST" name="tearDown" finished-at="2024-12-11T02:29:39 IST" duration-ms="218" status="PASS">
          <reporter-output>
          </reporter-output>
        </test-method> <!-- tearDown -->
      </class> <!-- MaheshChavan.test.ErrorValidationsTest -->
    </test> <!-- Error Validation test -->
    <test started-at="2024-12-11T02:29:07 IST" name="Submit order test" finished-at="2024-12-11T02:29:42 IST" duration-ms="34982">
      <class name="MaheshChavan.test.SubmitOrderTest">
        <test-method is-config="true" signature="launchApplication()[pri:0, instance:MaheshChavan.test.SubmitOrderTest@6f3c660a]" started-at="2024-12-11T02:29:08 IST" name="launchApplication" finished-at="2024-12-11T02:29:17 IST" duration-ms="9751" status="PASS">
          <reporter-output>
          </reporter-output>
        </test-method> <!-- launchApplication -->
        <test-method signature="submitorder(java.util.HashMap)[pri:0, instance:MaheshChavan.test.SubmitOrderTest@6f3c660a]" started-at="2024-12-11T02:29:17 IST" name="submitorder" data-provider="getData" finished-at="2024-12-11T02:29:22 IST" duration-ms="4202" status="PASS">
          <params>
            <param index="0">
              <value>
                <![CDATA[{password=Chavanm@123, product=ZARA COAT 3, email=chavanm33@gmail.com}]]>
              </value>
            </param>
          </params>
          <reporter-output>
          </reporter-output>
        </test-method> <!-- submitorder -->
        <test-method is-config="true" signature="tearDown()[pri:0, instance:MaheshChavan.test.SubmitOrderTest@6f3c660a]" started-at="2024-12-11T02:29:22 IST" name="tearDown" finished-at="2024-12-11T02:29:22 IST" duration-ms="224" status="PASS">
          <reporter-output>
          </reporter-output>
        </test-method> <!-- tearDown -->
        <test-method is-config="true" signature="launchApplication()[pri:0, instance:MaheshChavan.test.SubmitOrderTest@6f3c660a]" started-at="2024-12-11T02:29:22 IST" name="launchApplication" finished-at="2024-12-11T02:29:28 IST" duration-ms="6398" status="PASS">
          <reporter-output>
          </reporter-output>
        </test-method> <!-- launchApplication -->
        <test-method signature="submitorder(java.util.HashMap)[pri:0, instance:MaheshChavan.test.SubmitOrderTest@6f3c660a]" started-at="2024-12-11T02:29:28 IST" name="submitorder" data-provider="getData" finished-at="2024-12-11T02:29:33 IST" duration-ms="4431" status="PASS">
          <params>
            <param index="0">
              <value>
                <![CDATA[{password=Chavanm@123, product=ADIDAS ORIGINAL, email=maheshchavan9271@gmail.com}]]>
              </value>
            </param>
          </params>
          <reporter-output>
          </reporter-output>
        </test-method> <!-- submitorder -->
        <test-method is-config="true" signature="tearDown()[pri:0, instance:MaheshChavan.test.SubmitOrderTest@6f3c660a]" started-at="2024-12-11T02:29:33 IST" name="tearDown" finished-at="2024-12-11T02:29:33 IST" duration-ms="215" status="PASS">
          <reporter-output>
          </reporter-output>
        </test-method> <!-- tearDown -->
        <test-method is-config="true" signature="launchApplication()[pri:0, instance:MaheshChavan.test.SubmitOrderTest@6f3c660a]" started-at="2024-12-11T02:29:33 IST" name="launchApplication" finished-at="2024-12-11T02:29:41 IST" duration-ms="7974" status="PASS">
          <reporter-output>
          </reporter-output>
        </test-method> <!-- launchApplication -->
        <test-method signature="orderHistory()[pri:0, instance:MaheshChavan.test.SubmitOrderTest@6f3c660a]" started-at="2024-12-11T02:29:41 IST" name="orderHistory" finished-at="2024-12-11T02:29:42 IST" depends-on-methods="MaheshChavan.test.SubmitOrderTest.submitorder" duration-ms="973" status="PASS">
          <reporter-output>
          </reporter-output>
        </test-method> <!-- orderHistory -->
        <test-method is-config="true" signature="tearDown()[pri:0, instance:MaheshChavan.test.SubmitOrderTest@6f3c660a]" started-at="2024-12-11T02:29:42 IST" name="tearDown" finished-at="2024-12-11T02:29:42 IST" duration-ms="173" status="PASS">
          <reporter-output>
          </reporter-output>
        </test-method> <!-- tearDown -->
      </class> <!-- MaheshChavan.test.SubmitOrderTest -->
    </test> <!-- Submit order test -->
  </suite> <!-- Suite -->
</testng-results>
